
> juggernaut@0.9.8 dev
> next dev

  ▲ Next.js 14.2.35
  - Local:        http://localhost:3000

 ✓ Starting...
 ✓ Ready in 2.9s
 ○ Compiling / ...
 ✓ Compiled / in 5s (664 modules)
 ✓ Compiled in 572ms (339 modules)
 GET / 200 in 5612ms
 ○ Compiling /api/stats ...
 ✓ Compiled /api/stats in 5.8s (378 modules)
 ✓ Compiled (386 modules)
[ProfileManager] Registered profile: plexkits-resources
[ProfileManager] Activated profile: plexkits-resources, site: production
 GET /api/site-config 200 in 6174ms
Error fetching resources: Error: Could not locate the bindings file. Tried:
 → /app/src/node_modules/.pnpm/better-sqlite3@11.10.0/node_modules/better-sqlite3/build/better_sqlite3.node
 → /app/src/node_modules/.pnpm/better-sqlite3@11.10.0/node_modules/better-sqlite3/build/Debug/better_sqlite3.node
 → /app/src/node_modules/.pnpm/better-sqlite3@11.10.0/node_modules/better-sqlite3/build/Release/better_sqlite3.node
 → /app/src/node_modules/.pnpm/better-sqlite3@11.10.0/node_modules/better-sqlite3/out/Debug/better_sqlite3.node
 → /app/src/node_modules/.pnpm/better-sqlite3@11.10.0/node_modules/better-sqlite3/Debug/better_sqlite3.node
 → /app/src/node_modules/.pnpm/better-sqlite3@11.10.0/node_modules/better-sqlite3/out/Release/better_sqlite3.node
 → /app/src/node_modules/.pnpm/better-sqlite3@11.10.0/node_modules/better-sqlite3/Release/better_sqlite3.node
 → /app/src/node_modules/.pnpm/better-sqlite3@11.10.0/node_modules/better-sqlite3/build/default/better_sqlite3.node
 → /app/src/node_modules/.pnpm/better-sqlite3@11.10.0/node_modules/better-sqlite3/compiled/22.22.0/linux/x64/better_sqlite3.node
 → /app/src/node_modules/.pnpm/better-sqlite3@11.10.0/node_modules/better-sqlite3/addon-build/release/install-root/better_sqlite3.node
 → /app/src/node_modules/.pnpm/better-sqlite3@11.10.0/node_modules/better-sqlite3/addon-build/debug/install-root/better_sqlite3.node
 → /app/src/node_modules/.pnpm/better-sqlite3@11.10.0/node_modules/better-sqlite3/addon-build/default/install-root/better_sqlite3.node
 → /app/src/node_modules/.pnpm/better-sqlite3@11.10.0/node_modules/better-sqlite3/lib/binding/node-v127-linux-x64/better_sqlite3.node
    at bindings (/app/src/node_modules/.pnpm/bindings@1.5.0/node_modules/bindings/bindings.js:126:9)
    at new Database (/app/src/node_modules/.pnpm/better-sqlite3@11.10.0/node_modules/better-sqlite3/lib/database.js:48:64)
    at getDb (webpack-internal:///(rsc)/./lib/db.ts:42:14)
    at getResources (webpack-internal:///(rsc)/./lib/queries.ts:63:58)
    at GET (webpack-internal:///(rsc)/./app/api/resources/route.ts:12:85)
    at /app/src/node_modules/.pnpm/next@14.2.35_@babel+core@7.29.0_react-dom@18.3.1_react@18.3.1__react@18.3.1/node_modules/next/dist/compiled/next-server/app-route.runtime.dev.js:6:57234
    at /app/src/node_modules/.pnpm/next@14.2.35_@babel+core@7.29.0_react-dom@18.3.1_react@18.3.1__react@18.3.1/node_modules/next/dist/server/lib/trace/tracer.js:140:36
    at NoopContextManager.with (/app/src/node_modules/.pnpm/next@14.2.35_@babel+core@7.29.0_react-dom@18.3.1_react@18.3.1__react@18.3.1/node_modules/next/dist/compiled/@opentelemetry/api/index.js:1:7062)
    at ContextAPI.with (/app/src/node_modules/.pnpm/next@14.2.35_@babel+core@7.29.0_react-dom@18.3.1_react@18.3.1__react@18.3.1/node_modules/next/dist/compiled/@opentelemetry/api/index.js:1:518)
    at NoopTracer.startActiveSpan (/app/src/node_modules/.pnpm/next@14.2.35_@babel+core@7.29.0_react-dom@18.3.1_react@18.3.1__react@18.3.1/node_modules/next/dist/compiled/@opentelemetry/api/index.js:1:18093)
    at ProxyTracer.startActiveSpan (/app/src/node_modules/.pnpm/next@14.2.35_@babel+core@7.29.0_react-dom@18.3.1_react@18.3.1__react@18.3.1/node_modules/next/dist/compiled/@opentelemetry/api/index.js:1:18854)
    at /app/src/node_modules/.pnpm/next@14.2.35_@babel+core@7.29.0_react-dom@18.3.1_react@18.3.1__react@18.3.1/node_modules/next/dist/server/lib/trace/tracer.js:122:103
    at NoopContextManager.with (/app/src/node_modules/.pnpm/next@14.2.35_@babel+core@7.29.0_react-dom@18.3.1_react@18.3.1__react@18.3.1/node_modules/next/dist/compiled/@opentelemetry/api/index.js:1:7062)
    at ContextAPI.with (/app/src/node_modules/.pnpm/next@14.2.35_@babel+core@7.29.0_react-dom@18.3.1_react@18.3.1__react@18.3.1/node_modules/next/dist/compiled/@opentelemetry/api/index.js:1:518)
    at NextTracerImpl.trace (/app/src/node_modules/.pnpm/next@14.2.35_@babel+core@7.29.0_react-dom@18.3.1_react@18.3.1__react@18.3.1/node_modules/next/dist/server/lib/trace/tracer.js:122:28)
    at /app/src/node_modules/.pnpm/next@14.2.35_@babel+core@7.29.0_react-dom@18.3.1_react@18.3.1__react@18.3.1/node_modules/next/dist/compiled/next-server/app-route.runtime.dev.js:6:48896
    at AsyncLocalStorage.run (node:internal/async_local_storage/async_hooks:91:14)
    at Object.wrap (/app/src/node_modules/.pnpm/next@14.2.35_@babel+core@7.29.0_react-dom@18.3.1_react@18.3.1__react@18.3.1/node_modules/next/dist/compiled/next-server/app-route.runtime.dev.js:6:40958)
    at /app/src/node_modules/.pnpm/next@14.2.35_@babel+core@7.29.0_react-dom@18.3.1_react@18.3.1__react@18.3.1/node_modules/next/dist/compiled/next-server/app-route.runtime.dev.js:6:47472
    at AsyncLocalStorage.run (node:internal/async_local_storage/async_hooks:91:14)
    at Object.wrap (/app/src/node_modules/.pnpm/next@14.2.35_@babel+core@7.29.0_react-dom@18.3.1_react@18.3.1__react@18.3.1/node_modules/next/dist/compiled/next-server/app-route.runtime.dev.js:6:38293)
    at /app/src/node_modules/.pnpm/next@14.2.35_@babel+core@7.29.0_react-dom@18.3.1_react@18.3.1__react@18.3.1/node_modules/next/dist/compiled/next-server/app-route.runtime.dev.js:6:47434
    at AsyncLocalStorage.run (node:internal/async_local_storage/async_hooks:91:14)
    at eT.execute (/app/src/node_modules/.pnpm/next@14.2.35_@babel+core@7.29.0_react-dom@18.3.1_react@18.3.1__react@18.3.1/node_modules/next/dist/compiled/next-server/app-route.runtime.dev.js:6:46881)
    at eT.handle (/app/src/node_modules/.pnpm/next@14.2.35_@babel+core@7.29.0_react-dom@18.3.1_react@18.3.1__react@18.3.1/node_modules/next/dist/compiled/next-server/app-route.runtime.dev.js:6:58771)
    at doRender (/app/src/node_modules/.pnpm/next@14.2.35_@babel+core@7.29.0_react-dom@18.3.1_react@18.3.1__react@18.3.1/node_modules/next/dist/server/base-server.js:1366:60)
    at cacheEntry.responseCache.get.routeKind (/app/src/node_modules/.pnpm/next@14.2.35_@babel+core@7.29.0_react-dom@18.3.1_react@18.3.1__react@18.3.1/node_modules/next/dist/server/base-server.js:1588:34)
    at ResponseCache.get (/app/src/node_modules/.pnpm/next@14.2.35_@babel+core@7.29.0_react-dom@18.3.1_react@18.3.1__react@18.3.1/node_modules/next/dist/server/response-cache/index.js:49:26)
    at DevServer.renderToResponseWithComponentsImpl (/app/src/node_modules/.pnpm/next@14.2.35_@babel+core@7.29.0_react-dom@18.3.1_react@18.3.1__react@18.3.1/node_modules/next/dist/server/base-server.js:1496:53) {
  tries: [
    '/app/src/node_modules/.pnpm/better-sqlite3@11.10.0/node_modules/better-sqlite3/build/better_sqlite3.node',
    '/app/src/node_modules/.pnpm/better-sqlite3@11.10.0/node_modules/better-sqlite3/build/Debug/better_sqlite3.node',
    '/app/src/node_modules/.pnpm/better-sqlite3@11.10.0/node_modules/better-sqlite3/build/Release/better_sqlite3.node',
    '/app/src/node_modules/.pnpm/better-sqlite3@11.10.0/node_modules/better-sqlite3/out/Debug/better_sqlite3.node',
    '/app/src/node_modules/.pnpm/better-sqlite3@11.10.0/node_modules/better-sqlite3/Debug/better_sqlite3.node',
    '/app/src/node_modules/.pnpm/better-sqlite3@11.10.0/node_modules/better-sqlite3/out/Release/better_sqlite3.node',
    '/app/src/node_modules/.pnpm/better-sqlite3@11.10.0/node_modules/better-sqlite3/Release/better_sqlite3.node',
    '/app/src/node_modules/.pnpm/better-sqlite3@11.10.0/node_modules/better-sqlite3/build/default/better_sqlite3.node',
    '/app/src/node_modules/.pnpm/better-sqlite3@11.10.0/node_modules/better-sqlite3/compiled/22.22.0/linux/x64/better_sqlite3.node',
    '/app/src/node_modules/.pnpm/better-sqlite3@11.10.0/node_modules/better-sqlite3/addon-build/release/install-root/better_sqlite3.node',
    '/app/src/node_modules/.pnpm/better-sqlite3@11.10.0/node_modules/better-sqlite3/addon-build/debug/install-root/better_sqlite3.node',
    '/app/src/node_modules/.pnpm/better-sqlite3@11.10.0/node_modules/better-sqlite3/addon-build/default/install-root/better_sqlite3.node',
    '/app/src/node_modules/.pnpm/better-sqlite3@11.10.0/node_modules/better-sqlite3/lib/binding/node-v127-linux-x64/better_sqlite3.node'
  ]
}
 GET /api/resources?postType=resource 500 in 6200ms
Error fetching terms: Error: Could not locate the bindings file. Tried:
 → /app/src/node_modules/.pnpm/better-sqlite3@11.10.0/node_modules/better-sqlite3/build/better_sqlite3.node
 → /app/src/node_modules/.pnpm/better-sqlite3@11.10.0/node_modules/better-sqlite3/build/Debug/better_sqlite3.node
 → /app/src/node_modules/.pnpm/better-sqlite3@11.10.0/node_modules/better-sqlite3/build/Release/better_sqlite3.node
 → /app/src/node_modules/.pnpm/better-sqlite3@11.10.0/node_modules/better-sqlite3/out/Debug/better_sqlite3.node
 → /app/src/node_modules/.pnpm/better-sqlite3@11.10.0/node_modules/better-sqlite3/Debug/better_sqlite3.node
 → /app/src/node_modules/.pnpm/better-sqlite3@11.10.0/node_modules/better-sqlite3/out/Release/better_sqlite3.node
 → /app/src/node_modules/.pnpm/better-sqlite3@11.10.0/node_modules/better-sqlite3/Release/better_sqlite3.node
 → /app/src/node_modules/.pnpm/better-sqlite3@11.10.0/node_modules/better-sqlite3/build/default/better_sqlite3.node
 → /app/src/node_modules/.pnpm/better-sqlite3@11.10.0/node_modules/better-sqlite3/compiled/22.22.0/linux/x64/better_sqlite3.node
 → /app/src/node_modules/.pnpm/better-sqlite3@11.10.0/node_modules/better-sqlite3/addon-build/release/install-root/better_sqlite3.node
 → /app/src/node_modules/.pnpm/better-sqlite3@11.10.0/node_modules/better-sqlite3/addon-build/debug/install-root/better_sqlite3.node
 → /app/src/node_modules/.pnpm/better-sqlite3@11.10.0/node_modules/better-sqlite3/addon-build/default/install-root/better_sqlite3.node
 → /app/src/node_modules/.pnpm/better-sqlite3@11.10.0/node_modules/better-sqlite3/lib/binding/node-v127-linux-x64/better_sqlite3.node
    at bindings (/app/src/node_modules/.pnpm/bindings@1.5.0/node_modules/bindings/bindings.js:126:9)
    at new Database (/app/src/node_modules/.pnpm/better-sqlite3@11.10.0/node_modules/better-sqlite3/lib/database.js:48:64)
    at getDb (webpack-internal:///(rsc)/./lib/db.ts:42:14)
    at getAllTerms (webpack-internal:///(rsc)/./lib/queries.ts:27:58)
    at getAllTermsGrouped (webpack-internal:///(rsc)/./lib/queries.ts:43:19)
    at GET (webpack-internal:///(rsc)/./app/api/terms/route.ts:11:87)
    at /app/src/node_modules/.pnpm/next@14.2.35_@babel+core@7.29.0_react-dom@18.3.1_react@18.3.1__react@18.3.1/node_modules/next/dist/compiled/next-server/app-route.runtime.dev.js:6:57234
    at /app/src/node_modules/.pnpm/next@14.2.35_@babel+core@7.29.0_react-dom@18.3.1_react@18.3.1__react@18.3.1/node_modules/next/dist/server/lib/trace/tracer.js:140:36
    at NoopContextManager.with (/app/src/node_modules/.pnpm/next@14.2.35_@babel+core@7.29.0_react-dom@18.3.1_react@18.3.1__react@18.3.1/node_modules/next/dist/compiled/@opentelemetry/api/index.js:1:7062)
    at ContextAPI.with (/app/src/node_modules/.pnpm/next@14.2.35_@babel+core@7.29.0_react-dom@18.3.1_react@18.3.1__react@18.3.1/node_modules/next/dist/compiled/@opentelemetry/api/index.js:1:518)
    at NoopTracer.startActiveSpan (/app/src/node_modules/.pnpm/next@14.2.35_@babel+core@7.29.0_react-dom@18.3.1_react@18.3.1__react@18.3.1/node_modules/next/dist/compiled/@opentelemetry/api/index.js:1:18093)
    at ProxyTracer.startActiveSpan (/app/src/node_modules/.pnpm/next@14.2.35_@babel+core@7.29.0_react-dom@18.3.1_react@18.3.1__react@18.3.1/node_modules/next/dist/compiled/@opentelemetry/api/index.js:1:18854)
    at /app/src/node_modules/.pnpm/next@14.2.35_@babel+core@7.29.0_react-dom@18.3.1_react@18.3.1__react@18.3.1/node_modules/next/dist/server/lib/trace/tracer.js:122:103
    at NoopContextManager.with (/app/src/node_modules/.pnpm/next@14.2.35_@babel+core@7.29.0_react-dom@18.3.1_react@18.3.1__react@18.3.1/node_modules/next/dist/compiled/@opentelemetry/api/index.js:1:7062)
    at ContextAPI.with (/app/src/node_modules/.pnpm/next@14.2.35_@babel+core@7.29.0_react-dom@18.3.1_react@18.3.1__react@18.3.1/node_modules/next/dist/compiled/@opentelemetry/api/index.js:1:518)
    at NextTracerImpl.trace (/app/src/node_modules/.pnpm/next@14.2.35_@babel+core@7.29.0_react-dom@18.3.1_react@18.3.1__react@18.3.1/node_modules/next/dist/server/lib/trace/tracer.js:122:28)
    at /app/src/node_modules/.pnpm/next@14.2.35_@babel+core@7.29.0_react-dom@18.3.1_react@18.3.1__react@18.3.1/node_modules/next/dist/compiled/next-server/app-route.runtime.dev.js:6:48896
    at AsyncLocalStorage.run (node:internal/async_local_storage/async_hooks:91:14)
    at Object.wrap (/app/src/node_modules/.pnpm/next@14.2.35_@babel+core@7.29.0_react-dom@18.3.1_react@18.3.1__react@18.3.1/node_modules/next/dist/compiled/next-server/app-route.runtime.dev.js:6:40958)
    at /app/src/node_modules/.pnpm/next@14.2.35_@babel+core@7.29.0_react-dom@18.3.1_react@18.3.1__react@18.3.1/node_modules/next/dist/compiled/next-server/app-route.runtime.dev.js:6:47472
    at AsyncLocalStorage.run (node:internal/async_local_storage/async_hooks:91:14)
    at Object.wrap (/app/src/node_modules/.pnpm/next@14.2.35_@babel+core@7.29.0_react-dom@18.3.1_react@18.3.1__react@18.3.1/node_modules/next/dist/compiled/next-server/app-route.runtime.dev.js:6:38293)
    at /app/src/node_modules/.pnpm/next@14.2.35_@babel+core@7.29.0_react-dom@18.3.1_react@18.3.1__react@18.3.1/node_modules/next/dist/compiled/next-server/app-route.runtime.dev.js:6:47434
    at AsyncLocalStorage.run (node:internal/async_local_storage/async_hooks:91:14)
    at eT.execute (/app/src/node_modules/.pnpm/next@14.2.35_@babel+core@7.29.0_react-dom@18.3.1_react@18.3.1__react@18.3.1/node_modules/next/dist/compiled/next-server/app-route.runtime.dev.js:6:46881)
    at eT.handle (/app/src/node_modules/.pnpm/next@14.2.35_@babel+core@7.29.0_react-dom@18.3.1_react@18.3.1__react@18.3.1/node_modules/next/dist/compiled/next-server/app-route.runtime.dev.js:6:58771)
    at doRender (/app/src/node_modules/.pnpm/next@14.2.35_@babel+core@7.29.0_react-dom@18.3.1_react@18.3.1__react@18.3.1/node_modules/next/dist/server/base-server.js:1366:60)
    at cacheEntry.responseCache.get.routeKind (/app/src/node_modules/.pnpm/next@14.2.35_@babel+core@7.29.0_react-dom@18.3.1_react@18.3.1__react@18.3.1/node_modules/next/dist/server/base-server.js:1588:34)
    at ResponseCache.get (/app/src/node_modules/.pnpm/next@14.2.35_@babel+core@7.29.0_react-dom@18.3.1_react@18.3.1__react@18.3.1/node_modules/next/dist/server/response-cache/index.js:49:26)
    at DevServer.renderToResponseWithComponentsImpl (/app/src/node_modules/.pnpm/next@14.2.35_@babel+core@7.29.0_react-dom@18.3.1_react@18.3.1__react@18.3.1/node_modules/next/dist/server/base-server.js:1496:53) {
  tries: [
    '/app/src/node_modules/.pnpm/better-sqlite3@11.10.0/node_modules/better-sqlite3/build/better_sqlite3.node',
    '/app/src/node_modules/.pnpm/better-sqlite3@11.10.0/node_modules/better-sqlite3/build/Debug/better_sqlite3.node',
    '/app/src/node_modules/.pnpm/better-sqlite3@11.10.0/node_modules/better-sqlite3/build/Release/better_sqlite3.node',
    '/app/src/node_modules/.pnpm/better-sqlite3@11.10.0/node_modules/better-sqlite3/out/Debug/better_sqlite3.node',
    '/app/src/node_modules/.pnpm/better-sqlite3@11.10.0/node_modules/better-sqlite3/Debug/better_sqlite3.node',
    '/app/src/node_modules/.pnpm/better-sqlite3@11.10.0/node_modules/better-sqlite3/out/Release/better_sqlite3.node',
    '/app/src/node_modules/.pnpm/better-sqlite3@11.10.0/node_modules/better-sqlite3/Release/better_sqlite3.node',
    '/app/src/node_modules/.pnpm/better-sqlite3@11.10.0/node_modules/better-sqlite3/build/default/better_sqlite3.node',
    '/app/src/node_modules/.pnpm/better-sqlite3@11.10.0/node_modules/better-sqlite3/compiled/22.22.0/linux/x64/better_sqlite3.node',
    '/app/src/node_modules/.pnpm/better-sqlite3@11.10.0/node_modules/better-sqlite3/addon-build/release/install-root/better_sqlite3.node',
    '/app/src/node_modules/.pnpm/better-sqlite3@11.10.0/node_modules/better-sqlite3/addon-build/debug/install-root/better_sqlite3.node',
    '/app/src/node_modules/.pnpm/better-sqlite3@11.10.0/node_modules/better-sqlite3/addon-build/default/install-root/better_sqlite3.node',
    '/app/src/node_modules/.pnpm/better-sqlite3@11.10.0/node_modules/better-sqlite3/lib/binding/node-v127-linux-x64/better_sqlite3.node'
  ]
}
 GET /api/terms 500 in 6209ms
Error fetching stats: Error: Could not locate the bindings file. Tried:
 → /app/src/node_modules/.pnpm/better-sqlite3@11.10.0/node_modules/better-sqlite3/build/better_sqlite3.node
 → /app/src/node_modules/.pnpm/better-sqlite3@11.10.0/node_modules/better-sqlite3/build/Debug/better_sqlite3.node
 → /app/src/node_modules/.pnpm/better-sqlite3@11.10.0/node_modules/better-sqlite3/build/Release/better_sqlite3.node
 → /app/src/node_modules/.pnpm/better-sqlite3@11.10.0/node_modules/better-sqlite3/out/Debug/better_sqlite3.node
 → /app/src/node_modules/.pnpm/better-sqlite3@11.10.0/node_modules/better-sqlite3/Debug/better_sqlite3.node
 → /app/src/node_modules/.pnpm/better-sqlite3@11.10.0/node_modules/better-sqlite3/out/Release/better_sqlite3.node
 → /app/src/node_modules/.pnpm/better-sqlite3@11.10.0/node_modules/better-sqlite3/Release/better_sqlite3.node
 → /app/src/node_modules/.pnpm/better-sqlite3@11.10.0/node_modules/better-sqlite3/build/default/better_sqlite3.node
 → /app/src/node_modules/.pnpm/better-sqlite3@11.10.0/node_modules/better-sqlite3/compiled/22.22.0/linux/x64/better_sqlite3.node
 → /app/src/node_modules/.pnpm/better-sqlite3@11.10.0/node_modules/better-sqlite3/addon-build/release/install-root/better_sqlite3.node
 → /app/src/node_modules/.pnpm/better-sqlite3@11.10.0/node_modules/better-sqlite3/addon-build/debug/install-root/better_sqlite3.node
 → /app/src/node_modules/.pnpm/better-sqlite3@11.10.0/node_modules/better-sqlite3/addon-build/default/install-root/better_sqlite3.node
 → /app/src/node_modules/.pnpm/better-sqlite3@11.10.0/node_modules/better-sqlite3/lib/binding/node-v127-linux-x64/better_sqlite3.node
    at bindings (/app/src/node_modules/.pnpm/bindings@1.5.0/node_modules/bindings/bindings.js:126:9)
    at new Database (/app/src/node_modules/.pnpm/better-sqlite3@11.10.0/node_modules/better-sqlite3/lib/database.js:48:64)
    at getDb (webpack-internal:///(rsc)/./lib/db.ts:42:14)
    at getSyncStats (webpack-internal:///(rsc)/./lib/queries.ts:314:58)
    at GET (webpack-internal:///(rsc)/./app/api/stats/route.ts:12:81)
    at /app/src/node_modules/.pnpm/next@14.2.35_@babel+core@7.29.0_react-dom@18.3.1_react@18.3.1__react@18.3.1/node_modules/next/dist/compiled/next-server/app-route.runtime.dev.js:6:57234
    at /app/src/node_modules/.pnpm/next@14.2.35_@babel+core@7.29.0_react-dom@18.3.1_react@18.3.1__react@18.3.1/node_modules/next/dist/server/lib/trace/tracer.js:140:36
    at NoopContextManager.with (/app/src/node_modules/.pnpm/next@14.2.35_@babel+core@7.29.0_react-dom@18.3.1_react@18.3.1__react@18.3.1/node_modules/next/dist/compiled/@opentelemetry/api/index.js:1:7062)
    at ContextAPI.with (/app/src/node_modules/.pnpm/next@14.2.35_@babel+core@7.29.0_react-dom@18.3.1_react@18.3.1__react@18.3.1/node_modules/next/dist/compiled/@opentelemetry/api/index.js:1:518)
    at NoopTracer.startActiveSpan (/app/src/node_modules/.pnpm/next@14.2.35_@babel+core@7.29.0_react-dom@18.3.1_react@18.3.1__react@18.3.1/node_modules/next/dist/compiled/@opentelemetry/api/index.js:1:18093)
    at ProxyTracer.startActiveSpan (/app/src/node_modules/.pnpm/next@14.2.35_@babel+core@7.29.0_react-dom@18.3.1_react@18.3.1__react@18.3.1/node_modules/next/dist/compiled/@opentelemetry/api/index.js:1:18854)
    at /app/src/node_modules/.pnpm/next@14.2.35_@babel+core@7.29.0_react-dom@18.3.1_react@18.3.1__react@18.3.1/node_modules/next/dist/server/lib/trace/tracer.js:122:103
    at NoopContextManager.with (/app/src/node_modules/.pnpm/next@14.2.35_@babel+core@7.29.0_react-dom@18.3.1_react@18.3.1__react@18.3.1/node_modules/next/dist/compiled/@opentelemetry/api/index.js:1:7062)
    at ContextAPI.with (/app/src/node_modules/.pnpm/next@14.2.35_@babel+core@7.29.0_react-dom@18.3.1_react@18.3.1__react@18.3.1/node_modules/next/dist/compiled/@opentelemetry/api/index.js:1:518)
    at NextTracerImpl.trace (/app/src/node_modules/.pnpm/next@14.2.35_@babel+core@7.29.0_react-dom@18.3.1_react@18.3.1__react@18.3.1/node_modules/next/dist/server/lib/trace/tracer.js:122:28)
    at /app/src/node_modules/.pnpm/next@14.2.35_@babel+core@7.29.0_react-dom@18.3.1_react@18.3.1__react@18.3.1/node_modules/next/dist/compiled/next-server/app-route.runtime.dev.js:6:48896
    at AsyncLocalStorage.run (node:internal/async_local_storage/async_hooks:91:14)
    at Object.wrap (/app/src/node_modules/.pnpm/next@14.2.35_@babel+core@7.29.0_react-dom@18.3.1_react@18.3.1__react@18.3.1/node_modules/next/dist/compiled/next-server/app-route.runtime.dev.js:6:40958)
    at /app/src/node_modules/.pnpm/next@14.2.35_@babel+core@7.29.0_react-dom@18.3.1_react@18.3.1__react@18.3.1/node_modules/next/dist/compiled/next-server/app-route.runtime.dev.js:6:47472
    at AsyncLocalStorage.run (node:internal/async_local_storage/async_hooks:91:14)
    at Object.wrap (/app/src/node_modules/.pnpm/next@14.2.35_@babel+core@7.29.0_react-dom@18.3.1_react@18.3.1__react@18.3.1/node_modules/next/dist/compiled/next-server/app-route.runtime.dev.js:6:38293)
    at /app/src/node_modules/.pnpm/next@14.2.35_@babel+core@7.29.0_react-dom@18.3.1_react@18.3.1__react@18.3.1/node_modules/next/dist/compiled/next-server/app-route.runtime.dev.js:6:47434
    at AsyncLocalStorage.run (node:internal/async_local_storage/async_hooks:91:14)
    at eT.execute (/app/src/node_modules/.pnpm/next@14.2.35_@babel+core@7.29.0_react-dom@18.3.1_react@18.3.1__react@18.3.1/node_modules/next/dist/compiled/next-server/app-route.runtime.dev.js:6:46881)
    at eT.handle (/app/src/node_modules/.pnpm/next@14.2.35_@babel+core@7.29.0_react-dom@18.3.1_react@18.3.1__react@18.3.1/node_modules/next/dist/compiled/next-server/app-route.runtime.dev.js:6:58771)
    at doRender (/app/src/node_modules/.pnpm/next@14.2.35_@babel+core@7.29.0_react-dom@18.3.1_react@18.3.1__react@18.3.1/node_modules/next/dist/server/base-server.js:1366:60)
    at cacheEntry.responseCache.get.routeKind (/app/src/node_modules/.pnpm/next@14.2.35_@babel+core@7.29.0_react-dom@18.3.1_react@18.3.1__react@18.3.1/node_modules/next/dist/server/base-server.js:1588:34)
    at ResponseCache.get (/app/src/node_modules/.pnpm/next@14.2.35_@babel+core@7.29.0_react-dom@18.3.1_react@18.3.1__react@18.3.1/node_modules/next/dist/server/response-cache/index.js:49:26)
    at DevServer.renderToResponseWithComponentsImpl (/app/src/node_modules/.pnpm/next@14.2.35_@babel+core@7.29.0_react-dom@18.3.1_react@18.3.1__react@18.3.1/node_modules/next/dist/server/base-server.js:1496:53) {
  tries: [
    '/app/src/node_modules/.pnpm/better-sqlite3@11.10.0/node_modules/better-sqlite3/build/better_sqlite3.node',
    '/app/src/node_modules/.pnpm/better-sqlite3@11.10.0/node_modules/better-sqlite3/build/Debug/better_sqlite3.node',
    '/app/src/node_modules/.pnpm/better-sqlite3@11.10.0/node_modules/better-sqlite3/build/Release/better_sqlite3.node',
    '/app/src/node_modules/.pnpm/better-sqlite3@11.10.0/node_modules/better-sqlite3/out/Debug/better_sqlite3.node',
    '/app/src/node_modules/.pnpm/better-sqlite3@11.10.0/node_modules/better-sqlite3/Debug/better_sqlite3.node',
    '/app/src/node_modules/.pnpm/better-sqlite3@11.10.0/node_modules/better-sqlite3/out/Release/better_sqlite3.node',
    '/app/src/node_modules/.pnpm/better-sqlite3@11.10.0/node_modules/better-sqlite3/Release/better_sqlite3.node',
    '/app/src/node_modules/.pnpm/better-sqlite3@11.10.0/node_modules/better-sqlite3/build/default/better_sqlite3.node',
    '/app/src/node_modules/.pnpm/better-sqlite3@11.10.0/node_modules/better-sqlite3/compiled/22.22.0/linux/x64/better_sqlite3.node',
    '/app/src/node_modules/.pnpm/better-sqlite3@11.10.0/node_modules/better-sqlite3/addon-build/release/install-root/better_sqlite3.node',
    '/app/src/node_modules/.pnpm/better-sqlite3@11.10.0/node_modules/better-sqlite3/addon-build/debug/install-root/better_sqlite3.node',
    '/app/src/node_modules/.pnpm/better-sqlite3@11.10.0/node_modules/better-sqlite3/addon-build/default/install-root/better_sqlite3.node',
    '/app/src/node_modules/.pnpm/better-sqlite3@11.10.0/node_modules/better-sqlite3/lib/binding/node-v127-linux-x64/better_sqlite3.node'
  ]
}
 GET /api/stats?postType=resource 500 in 6214ms
[PluginInit] Starting plugin system initialization...
[PluginLoader] Registered plugin: metabox
[PluginLoader] Registered plugin: seopress
[PluginLoader] Registered plugin: ai-fill
[PluginLoader] Registered plugin: convert-post-type
[PluginLoader] Discovered 4 bundled plugins
[PluginLoader] Initialized with 4 plugins
[PluginInit] Restoring 4 enabled plugins...
[Plugin] [MetaBox] Plugin initializing v1.0.0
[Plugin] [MetaBox] Plugin initialized
[PluginLoader] Activated plugin: metabox
[Plugin] [SEOPress] Plugin initializing v1.0.0
[Plugin] [SEOPress] Plugin initialized
[PluginLoader] Activated plugin: seopress
[Plugin] [AI Fill] Plugin initialized
[PluginLoader] Activated plugin: ai-fill
[Plugin] [ConvertPostType] Plugin initializing v1.0.0
[Plugin] [ConvertPostType] Plugin initialized
[PluginLoader] Activated plugin: convert-post-type
[PluginInit] Plugin system initialized successfully
 GET /api/profile 200 in 6244ms
Error fetching resources: Error: Could not locate the bindings file. Tried:
 → /app/src/node_modules/.pnpm/better-sqlite3@11.10.0/node_modules/better-sqlite3/build/better_sqlite3.node
 → /app/src/node_modules/.pnpm/better-sqlite3@11.10.0/node_modules/better-sqlite3/build/Debug/better_sqlite3.node
 → /app/src/node_modules/.pnpm/better-sqlite3@11.10.0/node_modules/better-sqlite3/build/Release/better_sqlite3.node
 → /app/src/node_modules/.pnpm/better-sqlite3@11.10.0/node_modules/better-sqlite3/out/Debug/better_sqlite3.node
 → /app/src/node_modules/.pnpm/better-sqlite3@11.10.0/node_modules/better-sqlite3/Debug/better_sqlite3.node
 → /app/src/node_modules/.pnpm/better-sqlite3@11.10.0/node_modules/better-sqlite3/out/Release/better_sqlite3.node
 → /app/src/node_modules/.pnpm/better-sqlite3@11.10.0/node_modules/better-sqlite3/Release/better_sqlite3.node
 → /app/src/node_modules/.pnpm/better-sqlite3@11.10.0/node_modules/better-sqlite3/build/default/better_sqlite3.node
 → /app/src/node_modules/.pnpm/better-sqlite3@11.10.0/node_modules/better-sqlite3/compiled/22.22.0/linux/x64/better_sqlite3.node
 → /app/src/node_modules/.pnpm/better-sqlite3@11.10.0/node_modules/better-sqlite3/addon-build/release/install-root/better_sqlite3.node
 → /app/src/node_modules/.pnpm/better-sqlite3@11.10.0/node_modules/better-sqlite3/addon-build/debug/install-root/better_sqlite3.node
 → /app/src/node_modules/.pnpm/better-sqlite3@11.10.0/node_modules/better-sqlite3/addon-build/default/install-root/better_sqlite3.node
 → /app/src/node_modules/.pnpm/better-sqlite3@11.10.0/node_modules/better-sqlite3/lib/binding/node-v127-linux-x64/better_sqlite3.node
    at bindings (/app/src/node_modules/.pnpm/bindings@1.5.0/node_modules/bindings/bindings.js:126:9)
    at new Database (/app/src/node_modules/.pnpm/better-sqlite3@11.10.0/node_modules/better-sqlite3/lib/database.js:48:64)
    at getDb (webpack-internal:///(rsc)/./lib/db.ts:42:14)
    at getResources (webpack-internal:///(rsc)/./lib/queries.ts:63:58)
    at GET (webpack-internal:///(rsc)/./app/api/resources/route.ts:12:85)
    at /app/src/node_modules/.pnpm/next@14.2.35_@babel+core@7.29.0_react-dom@18.3.1_react@18.3.1__react@18.3.1/node_modules/next/dist/compiled/next-server/app-route.runtime.dev.js:6:57234
    at /app/src/node_modules/.pnpm/next@14.2.35_@babel+core@7.29.0_react-dom@18.3.1_react@18.3.1__react@18.3.1/node_modules/next/dist/server/lib/trace/tracer.js:140:36
    at NoopContextManager.with (/app/src/node_modules/.pnpm/next@14.2.35_@babel+core@7.29.0_react-dom@18.3.1_react@18.3.1__react@18.3.1/node_modules/next/dist/compiled/@opentelemetry/api/index.js:1:7062)
    at ContextAPI.with (/app/src/node_modules/.pnpm/next@14.2.35_@babel+core@7.29.0_react-dom@18.3.1_react@18.3.1__react@18.3.1/node_modules/next/dist/compiled/@opentelemetry/api/index.js:1:518)
    at NoopTracer.startActiveSpan (/app/src/node_modules/.pnpm/next@14.2.35_@babel+core@7.29.0_react-dom@18.3.1_react@18.3.1__react@18.3.1/node_modules/next/dist/compiled/@opentelemetry/api/index.js:1:18093)
    at ProxyTracer.startActiveSpan (/app/src/node_modules/.pnpm/next@14.2.35_@babel+core@7.29.0_react-dom@18.3.1_react@18.3.1__react@18.3.1/node_modules/next/dist/compiled/@opentelemetry/api/index.js:1:18854)
    at /app/src/node_modules/.pnpm/next@14.2.35_@babel+core@7.29.0_react-dom@18.3.1_react@18.3.1__react@18.3.1/node_modules/next/dist/server/lib/trace/tracer.js:122:103
    at NoopContextManager.with (/app/src/node_modules/.pnpm/next@14.2.35_@babel+core@7.29.0_react-dom@18.3.1_react@18.3.1__react@18.3.1/node_modules/next/dist/compiled/@opentelemetry/api/index.js:1:7062)
    at ContextAPI.with (/app/src/node_modules/.pnpm/next@14.2.35_@babel+core@7.29.0_react-dom@18.3.1_react@18.3.1__react@18.3.1/node_modules/next/dist/compiled/@opentelemetry/api/index.js:1:518)
    at NextTracerImpl.trace (/app/src/node_modules/.pnpm/next@14.2.35_@babel+core@7.29.0_react-dom@18.3.1_react@18.3.1__react@18.3.1/node_modules/next/dist/server/lib/trace/tracer.js:122:28)
    at /app/src/node_modules/.pnpm/next@14.2.35_@babel+core@7.29.0_react-dom@18.3.1_react@18.3.1__react@18.3.1/node_modules/next/dist/compiled/next-server/app-route.runtime.dev.js:6:48896
    at AsyncLocalStorage.run (node:internal/async_local_storage/async_hooks:91:14)
    at Object.wrap (/app/src/node_modules/.pnpm/next@14.2.35_@babel+core@7.29.0_react-dom@18.3.1_react@18.3.1__react@18.3.1/node_modules/next/dist/compiled/next-server/app-route.runtime.dev.js:6:40958)
    at /app/src/node_modules/.pnpm/next@14.2.35_@babel+core@7.29.0_react-dom@18.3.1_react@18.3.1__react@18.3.1/node_modules/next/dist/compiled/next-server/app-route.runtime.dev.js:6:47472
    at AsyncLocalStorage.run (node:internal/async_local_storage/async_hooks:91:14)
    at Object.wrap (/app/src/node_modules/.pnpm/next@14.2.35_@babel+core@7.29.0_react-dom@18.3.1_react@18.3.1__react@18.3.1/node_modules/next/dist/compiled/next-server/app-route.runtime.dev.js:6:38293)
    at /app/src/node_modules/.pnpm/next@14.2.35_@babel+core@7.29.0_react-dom@18.3.1_react@18.3.1__react@18.3.1/node_modules/next/dist/compiled/next-server/app-route.runtime.dev.js:6:47434
    at AsyncLocalStorage.run (node:internal/async_local_storage/async_hooks:91:14)
    at eT.execute (/app/src/node_modules/.pnpm/next@14.2.35_@babel+core@7.29.0_react-dom@18.3.1_react@18.3.1__react@18.3.1/node_modules/next/dist/compiled/next-server/app-route.runtime.dev.js:6:46881)
    at eT.handle (/app/src/node_modules/.pnpm/next@14.2.35_@babel+core@7.29.0_react-dom@18.3.1_react@18.3.1__react@18.3.1/node_modules/next/dist/compiled/next-server/app-route.runtime.dev.js:6:58771)
    at doRender (/app/src/node_modules/.pnpm/next@14.2.35_@babel+core@7.29.0_react-dom@18.3.1_react@18.3.1__react@18.3.1/node_modules/next/dist/server/base-server.js:1366:60)
    at cacheEntry.responseCache.get.routeKind (/app/src/node_modules/.pnpm/next@14.2.35_@babel+core@7.29.0_react-dom@18.3.1_react@18.3.1__react@18.3.1/node_modules/next/dist/server/base-server.js:1588:34)
    at ResponseCache.get (/app/src/node_modules/.pnpm/next@14.2.35_@babel+core@7.29.0_react-dom@18.3.1_react@18.3.1__react@18.3.1/node_modules/next/dist/server/response-cache/index.js:49:26)
    at DevServer.renderToResponseWithComponentsImpl (/app/src/node_modules/.pnpm/next@14.2.35_@babel+core@7.29.0_react-dom@18.3.1_react@18.3.1__react@18.3.1/node_modules/next/dist/server/base-server.js:1496:53) {
  tries: [
    '/app/src/node_modules/.pnpm/better-sqlite3@11.10.0/node_modules/better-sqlite3/build/better_sqlite3.node',
    '/app/src/node_modules/.pnpm/better-sqlite3@11.10.0/node_modules/better-sqlite3/build/Debug/better_sqlite3.node',
    '/app/src/node_modules/.pnpm/better-sqlite3@11.10.0/node_modules/better-sqlite3/build/Release/better_sqlite3.node',
    '/app/src/node_modules/.pnpm/better-sqlite3@11.10.0/node_modules/better-sqlite3/out/Debug/better_sqlite3.node',
    '/app/src/node_modules/.pnpm/better-sqlite3@11.10.0/node_modules/better-sqlite3/Debug/better_sqlite3.node',
    '/app/src/node_modules/.pnpm/better-sqlite3@11.10.0/node_modules/better-sqlite3/out/Release/better_sqlite3.node',
    '/app/src/node_modules/.pnpm/better-sqlite3@11.10.0/node_modules/better-sqlite3/Release/better_sqlite3.node',
    '/app/src/node_modules/.pnpm/better-sqlite3@11.10.0/node_modules/better-sqlite3/build/default/better_sqlite3.node',
    '/app/src/node_modules/.pnpm/better-sqlite3@11.10.0/node_modules/better-sqlite3/compiled/22.22.0/linux/x64/better_sqlite3.node',
    '/app/src/node_modules/.pnpm/better-sqlite3@11.10.0/node_modules/better-sqlite3/addon-build/release/install-root/better_sqlite3.node',
    '/app/src/node_modules/.pnpm/better-sqlite3@11.10.0/node_modules/better-sqlite3/addon-build/debug/install-root/better_sqlite3.node',
    '/app/src/node_modules/.pnpm/better-sqlite3@11.10.0/node_modules/better-sqlite3/addon-build/default/install-root/better_sqlite3.node',
    '/app/src/node_modules/.pnpm/better-sqlite3@11.10.0/node_modules/better-sqlite3/lib/binding/node-v127-linux-x64/better_sqlite3.node'
  ]
}
 GET /api/resources?postType=resource 500 in 40ms
Error fetching terms: Error: Could not locate the bindings file. Tried:
 → /app/src/node_modules/.pnpm/better-sqlite3@11.10.0/node_modules/better-sqlite3/build/better_sqlite3.node
 → /app/src/node_modules/.pnpm/better-sqlite3@11.10.0/node_modules/better-sqlite3/build/Debug/better_sqlite3.node
 → /app/src/node_modules/.pnpm/better-sqlite3@11.10.0/node_modules/better-sqlite3/build/Release/better_sqlite3.node
 → /app/src/node_modules/.pnpm/better-sqlite3@11.10.0/node_modules/better-sqlite3/out/Debug/better_sqlite3.node
 → /app/src/node_modules/.pnpm/better-sqlite3@11.10.0/node_modules/better-sqlite3/Debug/better_sqlite3.node
 → /app/src/node_modules/.pnpm/better-sqlite3@11.10.0/node_modules/better-sqlite3/out/Release/better_sqlite3.node
 → /app/src/node_modules/.pnpm/better-sqlite3@11.10.0/node_modules/better-sqlite3/Release/better_sqlite3.node
 → /app/src/node_modules/.pnpm/better-sqlite3@11.10.0/node_modules/better-sqlite3/build/default/better_sqlite3.node
 → /app/src/node_modules/.pnpm/better-sqlite3@11.10.0/node_modules/better-sqlite3/compiled/22.22.0/linux/x64/better_sqlite3.node
 → /app/src/node_modules/.pnpm/better-sqlite3@11.10.0/node_modules/better-sqlite3/addon-build/release/install-root/better_sqlite3.node
 → /app/src/node_modules/.pnpm/better-sqlite3@11.10.0/node_modules/better-sqlite3/addon-build/debug/install-root/better_sqlite3.node
 → /app/src/node_modules/.pnpm/better-sqlite3@11.10.0/node_modules/better-sqlite3/addon-build/default/install-root/better_sqlite3.node
 → /app/src/node_modules/.pnpm/better-sqlite3@11.10.0/node_modules/better-sqlite3/lib/binding/node-v127-linux-x64/better_sqlite3.node
    at bindings (/app/src/node_modules/.pnpm/bindings@1.5.0/node_modules/bindings/bindings.js:126:9)
    at new Database (/app/src/node_modules/.pnpm/better-sqlite3@11.10.0/node_modules/better-sqlite3/lib/database.js:48:64)
    at getDb (webpack-internal:///(rsc)/./lib/db.ts:42:14)
    at getAllTerms (webpack-internal:///(rsc)/./lib/queries.ts:27:58)
    at getAllTermsGrouped (webpack-internal:///(rsc)/./lib/queries.ts:43:19)
    at GET (webpack-internal:///(rsc)/./app/api/terms/route.ts:11:87)
    at /app/src/node_modules/.pnpm/next@14.2.35_@babel+core@7.29.0_react-dom@18.3.1_react@18.3.1__react@18.3.1/node_modules/next/dist/compiled/next-server/app-route.runtime.dev.js:6:57234
    at /app/src/node_modules/.pnpm/next@14.2.35_@babel+core@7.29.0_react-dom@18.3.1_react@18.3.1__react@18.3.1/node_modules/next/dist/server/lib/trace/tracer.js:140:36
    at NoopContextManager.with (/app/src/node_modules/.pnpm/next@14.2.35_@babel+core@7.29.0_react-dom@18.3.1_react@18.3.1__react@18.3.1/node_modules/next/dist/compiled/@opentelemetry/api/index.js:1:7062)
    at ContextAPI.with (/app/src/node_modules/.pnpm/next@14.2.35_@babel+core@7.29.0_react-dom@18.3.1_react@18.3.1__react@18.3.1/node_modules/next/dist/compiled/@opentelemetry/api/index.js:1:518)
    at NoopTracer.startActiveSpan (/app/src/node_modules/.pnpm/next@14.2.35_@babel+core@7.29.0_react-dom@18.3.1_react@18.3.1__react@18.3.1/node_modules/next/dist/compiled/@opentelemetry/api/index.js:1:18093)
    at ProxyTracer.startActiveSpan (/app/src/node_modules/.pnpm/next@14.2.35_@babel+core@7.29.0_react-dom@18.3.1_react@18.3.1__react@18.3.1/node_modules/next/dist/compiled/@opentelemetry/api/index.js:1:18854)
    at /app/src/node_modules/.pnpm/next@14.2.35_@babel+core@7.29.0_react-dom@18.3.1_react@18.3.1__react@18.3.1/node_modules/next/dist/server/lib/trace/tracer.js:122:103
    at NoopContextManager.with (/app/src/node_modules/.pnpm/next@14.2.35_@babel+core@7.29.0_react-dom@18.3.1_react@18.3.1__react@18.3.1/node_modules/next/dist/compiled/@opentelemetry/api/index.js:1:7062)
    at ContextAPI.with (/app/src/node_modules/.pnpm/next@14.2.35_@babel+core@7.29.0_react-dom@18.3.1_react@18.3.1__react@18.3.1/node_modules/next/dist/compiled/@opentelemetry/api/index.js:1:518)
    at NextTracerImpl.trace (/app/src/node_modules/.pnpm/next@14.2.35_@babel+core@7.29.0_react-dom@18.3.1_react@18.3.1__react@18.3.1/node_modules/next/dist/server/lib/trace/tracer.js:122:28)
    at /app/src/node_modules/.pnpm/next@14.2.35_@babel+core@7.29.0_react-dom@18.3.1_react@18.3.1__react@18.3.1/node_modules/next/dist/compiled/next-server/app-route.runtime.dev.js:6:48896
    at AsyncLocalStorage.run (node:internal/async_local_storage/async_hooks:91:14)
    at Object.wrap (/app/src/node_modules/.pnpm/next@14.2.35_@babel+core@7.29.0_react-dom@18.3.1_react@18.3.1__react@18.3.1/node_modules/next/dist/compiled/next-server/app-route.runtime.dev.js:6:40958)
    at /app/src/node_modules/.pnpm/next@14.2.35_@babel+core@7.29.0_react-dom@18.3.1_react@18.3.1__react@18.3.1/node_modules/next/dist/compiled/next-server/app-route.runtime.dev.js:6:47472
    at AsyncLocalStorage.run (node:internal/async_local_storage/async_hooks:91:14)
    at Object.wrap (/app/src/node_modules/.pnpm/next@14.2.35_@babel+core@7.29.0_react-dom@18.3.1_react@18.3.1__react@18.3.1/node_modules/next/dist/compiled/next-server/app-route.runtime.dev.js:6:38293)
    at /app/src/node_modules/.pnpm/next@14.2.35_@babel+core@7.29.0_react-dom@18.3.1_react@18.3.1__react@18.3.1/node_modules/next/dist/compiled/next-server/app-route.runtime.dev.js:6:47434
    at AsyncLocalStorage.run (node:internal/async_local_storage/async_hooks:91:14)
    at eT.execute (/app/src/node_modules/.pnpm/next@14.2.35_@babel+core@7.29.0_react-dom@18.3.1_react@18.3.1__react@18.3.1/node_modules/next/dist/compiled/next-server/app-route.runtime.dev.js:6:46881)
    at eT.handle (/app/src/node_modules/.pnpm/next@14.2.35_@babel+core@7.29.0_react-dom@18.3.1_react@18.3.1__react@18.3.1/node_modules/next/dist/compiled/next-server/app-route.runtime.dev.js:6:58771)
    at doRender (/app/src/node_modules/.pnpm/next@14.2.35_@babel+core@7.29.0_react-dom@18.3.1_react@18.3.1__react@18.3.1/node_modules/next/dist/server/base-server.js:1366:60)
    at cacheEntry.responseCache.get.routeKind (/app/src/node_modules/.pnpm/next@14.2.35_@babel+core@7.29.0_react-dom@18.3.1_react@18.3.1__react@18.3.1/node_modules/next/dist/server/base-server.js:1588:34)
    at ResponseCache.get (/app/src/node_modules/.pnpm/next@14.2.35_@babel+core@7.29.0_react-dom@18.3.1_react@18.3.1__react@18.3.1/node_modules/next/dist/server/response-cache/index.js:49:26)
    at DevServer.renderToResponseWithComponentsImpl (/app/src/node_modules/.pnpm/next@14.2.35_@babel+core@7.29.0_react-dom@18.3.1_react@18.3.1__react@18.3.1/node_modules/next/dist/server/base-server.js:1496:53) {
  tries: [
    '/app/src/node_modules/.pnpm/better-sqlite3@11.10.0/node_modules/better-sqlite3/build/better_sqlite3.node',
    '/app/src/node_modules/.pnpm/better-sqlite3@11.10.0/node_modules/better-sqlite3/build/Debug/better_sqlite3.node',
    '/app/src/node_modules/.pnpm/better-sqlite3@11.10.0/node_modules/better-sqlite3/build/Release/better_sqlite3.node',
    '/app/src/node_modules/.pnpm/better-sqlite3@11.10.0/node_modules/better-sqlite3/out/Debug/better_sqlite3.node',
    '/app/src/node_modules/.pnpm/better-sqlite3@11.10.0/node_modules/better-sqlite3/Debug/better_sqlite3.node',
    '/app/src/node_modules/.pnpm/better-sqlite3@11.10.0/node_modules/better-sqlite3/out/Release/better_sqlite3.node',
    '/app/src/node_modules/.pnpm/better-sqlite3@11.10.0/node_modules/better-sqlite3/Release/better_sqlite3.node',
    '/app/src/node_modules/.pnpm/better-sqlite3@11.10.0/node_modules/better-sqlite3/build/default/better_sqlite3.node',
    '/app/src/node_modules/.pnpm/better-sqlite3@11.10.0/node_modules/better-sqlite3/compiled/22.22.0/linux/x64/better_sqlite3.node',
    '/app/src/node_modules/.pnpm/better-sqlite3@11.10.0/node_modules/better-sqlite3/addon-build/release/install-root/better_sqlite3.node',
    '/app/src/node_modules/.pnpm/better-sqlite3@11.10.0/node_modules/better-sqlite3/addon-build/debug/install-root/better_sqlite3.node',
    '/app/src/node_modules/.pnpm/better-sqlite3@11.10.0/node_modules/better-sqlite3/addon-build/default/install-root/better_sqlite3.node',
    '/app/src/node_modules/.pnpm/better-sqlite3@11.10.0/node_modules/better-sqlite3/lib/binding/node-v127-linux-x64/better_sqlite3.node'
  ]
}
 GET /api/terms 500 in 44ms
Error fetching stats: Error: Could not locate the bindings file. Tried:
 → /app/src/node_modules/.pnpm/better-sqlite3@11.10.0/node_modules/better-sqlite3/build/better_sqlite3.node
 → /app/src/node_modules/.pnpm/better-sqlite3@11.10.0/node_modules/better-sqlite3/build/Debug/better_sqlite3.node
 → /app/src/node_modules/.pnpm/better-sqlite3@11.10.0/node_modules/better-sqlite3/build/Release/better_sqlite3.node
 → /app/src/node_modules/.pnpm/better-sqlite3@11.10.0/node_modules/better-sqlite3/out/Debug/better_sqlite3.node
 → /app/src/node_modules/.pnpm/better-sqlite3@11.10.0/node_modules/better-sqlite3/Debug/better_sqlite3.node
 → /app/src/node_modules/.pnpm/better-sqlite3@11.10.0/node_modules/better-sqlite3/out/Release/better_sqlite3.node
 → /app/src/node_modules/.pnpm/better-sqlite3@11.10.0/node_modules/better-sqlite3/Release/better_sqlite3.node
 → /app/src/node_modules/.pnpm/better-sqlite3@11.10.0/node_modules/better-sqlite3/build/default/better_sqlite3.node
 → /app/src/node_modules/.pnpm/better-sqlite3@11.10.0/node_modules/better-sqlite3/compiled/22.22.0/linux/x64/better_sqlite3.node
 → /app/src/node_modules/.pnpm/better-sqlite3@11.10.0/node_modules/better-sqlite3/addon-build/release/install-root/better_sqlite3.node
 → /app/src/node_modules/.pnpm/better-sqlite3@11.10.0/node_modules/better-sqlite3/addon-build/debug/install-root/better_sqlite3.node
 → /app/src/node_modules/.pnpm/better-sqlite3@11.10.0/node_modules/better-sqlite3/addon-build/default/install-root/better_sqlite3.node
 → /app/src/node_modules/.pnpm/better-sqlite3@11.10.0/node_modules/better-sqlite3/lib/binding/node-v127-linux-x64/better_sqlite3.node
    at bindings (/app/src/node_modules/.pnpm/bindings@1.5.0/node_modules/bindings/bindings.js:126:9)
    at new Database (/app/src/node_modules/.pnpm/better-sqlite3@11.10.0/node_modules/better-sqlite3/lib/database.js:48:64)
    at getDb (webpack-internal:///(rsc)/./lib/db.ts:42:14)
    at getSyncStats (webpack-internal:///(rsc)/./lib/queries.ts:314:58)
    at GET (webpack-internal:///(rsc)/./app/api/stats/route.ts:12:81)
    at /app/src/node_modules/.pnpm/next@14.2.35_@babel+core@7.29.0_react-dom@18.3.1_react@18.3.1__react@18.3.1/node_modules/next/dist/compiled/next-server/app-route.runtime.dev.js:6:57234
    at /app/src/node_modules/.pnpm/next@14.2.35_@babel+core@7.29.0_react-dom@18.3.1_react@18.3.1__react@18.3.1/node_modules/next/dist/server/lib/trace/tracer.js:140:36
    at NoopContextManager.with (/app/src/node_modules/.pnpm/next@14.2.35_@babel+core@7.29.0_react-dom@18.3.1_react@18.3.1__react@18.3.1/node_modules/next/dist/compiled/@opentelemetry/api/index.js:1:7062)
    at ContextAPI.with (/app/src/node_modules/.pnpm/next@14.2.35_@babel+core@7.29.0_react-dom@18.3.1_react@18.3.1__react@18.3.1/node_modules/next/dist/compiled/@opentelemetry/api/index.js:1:518)
    at NoopTracer.startActiveSpan (/app/src/node_modules/.pnpm/next@14.2.35_@babel+core@7.29.0_react-dom@18.3.1_react@18.3.1__react@18.3.1/node_modules/next/dist/compiled/@opentelemetry/api/index.js:1:18093)
    at ProxyTracer.startActiveSpan (/app/src/node_modules/.pnpm/next@14.2.35_@babel+core@7.29.0_react-dom@18.3.1_react@18.3.1__react@18.3.1/node_modules/next/dist/compiled/@opentelemetry/api/index.js:1:18854)
    at /app/src/node_modules/.pnpm/next@14.2.35_@babel+core@7.29.0_react-dom@18.3.1_react@18.3.1__react@18.3.1/node_modules/next/dist/server/lib/trace/tracer.js:122:103
    at NoopContextManager.with (/app/src/node_modules/.pnpm/next@14.2.35_@babel+core@7.29.0_react-dom@18.3.1_react@18.3.1__react@18.3.1/node_modules/next/dist/compiled/@opentelemetry/api/index.js:1:7062)
    at ContextAPI.with (/app/src/node_modules/.pnpm/next@14.2.35_@babel+core@7.29.0_react-dom@18.3.1_react@18.3.1__react@18.3.1/node_modules/next/dist/compiled/@opentelemetry/api/index.js:1:518)
    at NextTracerImpl.trace (/app/src/node_modules/.pnpm/next@14.2.35_@babel+core@7.29.0_react-dom@18.3.1_react@18.3.1__react@18.3.1/node_modules/next/dist/server/lib/trace/tracer.js:122:28)
    at /app/src/node_modules/.pnpm/next@14.2.35_@babel+core@7.29.0_react-dom@18.3.1_react@18.3.1__react@18.3.1/node_modules/next/dist/compiled/next-server/app-route.runtime.dev.js:6:48896
    at AsyncLocalStorage.run (node:internal/async_local_storage/async_hooks:91:14)
    at Object.wrap (/app/src/node_modules/.pnpm/next@14.2.35_@babel+core@7.29.0_react-dom@18.3.1_react@18.3.1__react@18.3.1/node_modules/next/dist/compiled/next-server/app-route.runtime.dev.js:6:40958)
    at /app/src/node_modules/.pnpm/next@14.2.35_@babel+core@7.29.0_react-dom@18.3.1_react@18.3.1__react@18.3.1/node_modules/next/dist/compiled/next-server/app-route.runtime.dev.js:6:47472
    at AsyncLocalStorage.run (node:internal/async_local_storage/async_hooks:91:14)
    at Object.wrap (/app/src/node_modules/.pnpm/next@14.2.35_@babel+core@7.29.0_react-dom@18.3.1_react@18.3.1__react@18.3.1/node_modules/next/dist/compiled/next-server/app-route.runtime.dev.js:6:38293)
    at /app/src/node_modules/.pnpm/next@14.2.35_@babel+core@7.29.0_react-dom@18.3.1_react@18.3.1__react@18.3.1/node_modules/next/dist/compiled/next-server/app-route.runtime.dev.js:6:47434
    at AsyncLocalStorage.run (node:internal/async_local_storage/async_hooks:91:14)
    at eT.execute (/app/src/node_modules/.pnpm/next@14.2.35_@babel+core@7.29.0_react-dom@18.3.1_react@18.3.1__react@18.3.1/node_modules/next/dist/compiled/next-server/app-route.runtime.dev.js:6:46881)
    at eT.handle (/app/src/node_modules/.pnpm/next@14.2.35_@babel+core@7.29.0_react-dom@18.3.1_react@18.3.1__react@18.3.1/node_modules/next/dist/compiled/next-server/app-route.runtime.dev.js:6:58771)
    at doRender (/app/src/node_modules/.pnpm/next@14.2.35_@babel+core@7.29.0_react-dom@18.3.1_react@18.3.1__react@18.3.1/node_modules/next/dist/server/base-server.js:1366:60)
    at cacheEntry.responseCache.get.routeKind (/app/src/node_modules/.pnpm/next@14.2.35_@babel+core@7.29.0_react-dom@18.3.1_react@18.3.1__react@18.3.1/node_modules/next/dist/server/base-server.js:1588:34)
    at ResponseCache.get (/app/src/node_modules/.pnpm/next@14.2.35_@babel+core@7.29.0_react-dom@18.3.1_react@18.3.1__react@18.3.1/node_modules/next/dist/server/response-cache/index.js:49:26)
    at DevServer.renderToResponseWithComponentsImpl (/app/src/node_modules/.pnpm/next@14.2.35_@babel+core@7.29.0_react-dom@18.3.1_react@18.3.1__react@18.3.1/node_modules/next/dist/server/base-server.js:1496:53) {
  tries: [
    '/app/src/node_modules/.pnpm/better-sqlite3@11.10.0/node_modules/better-sqlite3/build/better_sqlite3.node',
    '/app/src/node_modules/.pnpm/better-sqlite3@11.10.0/node_modules/better-sqlite3/build/Debug/better_sqlite3.node',
    '/app/src/node_modules/.pnpm/better-sqlite3@11.10.0/node_modules/better-sqlite3/build/Release/better_sqlite3.node',
    '/app/src/node_modules/.pnpm/better-sqlite3@11.10.0/node_modules/better-sqlite3/out/Debug/better_sqlite3.node',
    '/app/src/node_modules/.pnpm/better-sqlite3@11.10.0/node_modules/better-sqlite3/Debug/better_sqlite3.node',
    '/app/src/node_modules/.pnpm/better-sqlite3@11.10.0/node_modules/better-sqlite3/out/Release/better_sqlite3.node',
    '/app/src/node_modules/.pnpm/better-sqlite3@11.10.0/node_modules/better-sqlite3/Release/better_sqlite3.node',
    '/app/src/node_modules/.pnpm/better-sqlite3@11.10.0/node_modules/better-sqlite3/build/default/better_sqlite3.node',
    '/app/src/node_modules/.pnpm/better-sqlite3@11.10.0/node_modules/better-sqlite3/compiled/22.22.0/linux/x64/better_sqlite3.node',
    '/app/src/node_modules/.pnpm/better-sqlite3@11.10.0/node_modules/better-sqlite3/addon-build/release/install-root/better_sqlite3.node',
    '/app/src/node_modules/.pnpm/better-sqlite3@11.10.0/node_modules/better-sqlite3/addon-build/debug/install-root/better_sqlite3.node',
    '/app/src/node_modules/.pnpm/better-sqlite3@11.10.0/node_modules/better-sqlite3/addon-build/default/install-root/better_sqlite3.node',
    '/app/src/node_modules/.pnpm/better-sqlite3@11.10.0/node_modules/better-sqlite3/lib/binding/node-v127-linux-x64/better_sqlite3.node'
  ]
}
 GET /api/stats?postType=resource 500 in 49ms
 GET /api/site-config 200 in 53ms
 GET /api/profile 200 in 57ms
[?25h
